Started GET "/" for 127.0.0.1 at 2022-02-14 23:02:28 +0100
  
ActiveRecord::DatabaseConnectionError (There is an issue connecting to your database with your username/password, username: postgres.

Please check your database configuration to ensure the username/password are valid.
):
  
activerecord (7.0.1) lib/active_record/connection_adapters/postgresql_adapter.rb:83:in `rescue in new_client'
activerecord (7.0.1) lib/active_record/connection_adapters/postgresql_adapter.rb:77:in `new_client'
activerecord (7.0.1) lib/active_record/connection_adapters/postgresql_adapter.rb:37:in `postgresql_connection'
activerecord (7.0.1) lib/active_record/connection_adapters/abstract/connection_pool.rb:656:in `public_send'
activerecord (7.0.1) lib/active_record/connection_adapters/abstract/connection_pool.rb:656:in `new_connection'
activerecord (7.0.1) lib/active_record/connection_adapters/abstract/connection_pool.rb:700:in `checkout_new_connection'
activerecord (7.0.1) lib/active_record/connection_adapters/abstract/connection_pool.rb:679:in `try_to_checkout_new_connection'
activerecord (7.0.1) lib/active_record/connection_adapters/abstract/connection_pool.rb:640:in `acquire_connection'
activerecord (7.0.1) lib/active_record/connection_adapters/abstract/connection_pool.rb:341:in `checkout'
activerecord (7.0.1) lib/active_record/connection_adapters/abstract/connection_pool.rb:181:in `connection'
activerecord (7.0.1) lib/active_record/connection_adapters/abstract/connection_handler.rb:211:in `retrieve_connection'
activerecord (7.0.1) lib/active_record/connection_handling.rb:313:in `retrieve_connection'
activerecord (7.0.1) lib/active_record/connection_handling.rb:280:in `connection'
activerecord (7.0.1) lib/active_record/migration.rb:613:in `connection'
activerecord (7.0.1) lib/active_record/migration.rb:608:in `build_watcher'
activerecord (7.0.1) lib/active_record/migration.rb:590:in `block in call'
activerecord (7.0.1) lib/active_record/migration.rb:589:in `synchronize'
activerecord (7.0.1) lib/active_record/migration.rb:589:in `call'
actionpack (7.0.1) lib/action_dispatch/middleware/callbacks.rb:27:in `block in call'
activesupport (7.0.1) lib/active_support/callbacks.rb:99:in `run_callbacks'
actionpack (7.0.1) lib/action_dispatch/middleware/callbacks.rb:26:in `call'
actionpack (7.0.1) lib/action_dispatch/middleware/executor.rb:14:in `call'
actionpack (7.0.1) lib/action_dispatch/middleware/actionable_exceptions.rb:17:in `call'
actionpack (7.0.1) lib/action_dispatch/middleware/debug_exceptions.rb:28:in `call'
web-console (4.2.0) lib/web_console/middleware.rb:132:in `call_app'
web-console (4.2.0) lib/web_console/middleware.rb:28:in `block in call'
web-console (4.2.0) lib/web_console/middleware.rb:17:in `catch'
web-console (4.2.0) lib/web_console/middleware.rb:17:in `call'
actionpack (7.0.1) lib/action_dispatch/middleware/show_exceptions.rb:26:in `call'
railties (7.0.1) lib/rails/rack/logger.rb:36:in `call_app'
railties (7.0.1) lib/rails/rack/logger.rb:25:in `block in call'
activesupport (7.0.1) lib/active_support/tagged_logging.rb:99:in `block in tagged'
activesupport (7.0.1) lib/active_support/tagged_logging.rb:37:in `tagged'
activesupport (7.0.1) lib/active_support/tagged_logging.rb:99:in `tagged'
railties (7.0.1) lib/rails/rack/logger.rb:25:in `call'
sprockets-rails (3.4.2) lib/sprockets/rails/quiet_assets.rb:13:in `call'
actionpack (7.0.1) lib/action_dispatch/middleware/remote_ip.rb:93:in `call'
actionpack (7.0.1) lib/action_dispatch/middleware/request_id.rb:26:in `call'
rack (2.2.3) lib/rack/method_override.rb:24:in `call'
rack (2.2.3) lib/rack/runtime.rb:22:in `call'
activesupport (7.0.1) lib/active_support/cache/strategy/local_cache_middleware.rb:29:in `call'
actionpack (7.0.1) lib/action_dispatch/middleware/server_timing.rb:20:in `call'
actionpack (7.0.1) lib/action_dispatch/middleware/executor.rb:14:in `call'
actionpack (7.0.1) lib/action_dispatch/middleware/static.rb:23:in `call'
rack (2.2.3) lib/rack/sendfile.rb:110:in `call'
actionpack (7.0.1) lib/action_dispatch/middleware/host_authorization.rb:137:in `call'
railties (7.0.1) lib/rails/engine.rb:530:in `call'
puma (5.6.1) lib/puma/configuration.rb:252:in `call'
puma (5.6.1) lib/puma/request.rb:77:in `block in handle_request'
puma (5.6.1) lib/puma/thread_pool.rb:340:in `with_force_shutdown'
puma (5.6.1) lib/puma/request.rb:76:in `handle_request'
puma (5.6.1) lib/puma/server.rb:441:in `process_client'
puma (5.6.1) lib/puma/thread_pool.rb:147:in `block in spawn_thread'
Started GET "/" for 127.0.0.1 at 2022-02-14 23:02:55 +0100
  
ActiveRecord::DatabaseConnectionError (There is an issue connecting to your database with your username/password, username: postgres.

Please check your database configuration to ensure the username/password are valid.
):
  
activerecord (7.0.1) lib/active_record/connection_adapters/postgresql_adapter.rb:83:in `rescue in new_client'
activerecord (7.0.1) lib/active_record/connection_adapters/postgresql_adapter.rb:77:in `new_client'
activerecord (7.0.1) lib/active_record/connection_adapters/postgresql_adapter.rb:37:in `postgresql_connection'
activerecord (7.0.1) lib/active_record/connection_adapters/abstract/connection_pool.rb:656:in `public_send'
activerecord (7.0.1) lib/active_record/connection_adapters/abstract/connection_pool.rb:656:in `new_connection'
activerecord (7.0.1) lib/active_record/connection_adapters/abstract/connection_pool.rb:700:in `checkout_new_connection'
activerecord (7.0.1) lib/active_record/connection_adapters/abstract/connection_pool.rb:679:in `try_to_checkout_new_connection'
activerecord (7.0.1) lib/active_record/connection_adapters/abstract/connection_pool.rb:640:in `acquire_connection'
activerecord (7.0.1) lib/active_record/connection_adapters/abstract/connection_pool.rb:341:in `checkout'
activerecord (7.0.1) lib/active_record/connection_adapters/abstract/connection_pool.rb:181:in `connection'
activerecord (7.0.1) lib/active_record/connection_adapters/abstract/connection_handler.rb:211:in `retrieve_connection'
activerecord (7.0.1) lib/active_record/connection_handling.rb:313:in `retrieve_connection'
activerecord (7.0.1) lib/active_record/connection_handling.rb:280:in `connection'
activerecord (7.0.1) lib/active_record/migration.rb:613:in `connection'
activerecord (7.0.1) lib/active_record/migration.rb:608:in `build_watcher'
activerecord (7.0.1) lib/active_record/migration.rb:590:in `block in call'
activerecord (7.0.1) lib/active_record/migration.rb:589:in `synchronize'
activerecord (7.0.1) lib/active_record/migration.rb:589:in `call'
actionpack (7.0.1) lib/action_dispatch/middleware/callbacks.rb:27:in `block in call'
activesupport (7.0.1) lib/active_support/callbacks.rb:99:in `run_callbacks'
actionpack (7.0.1) lib/action_dispatch/middleware/callbacks.rb:26:in `call'
actionpack (7.0.1) lib/action_dispatch/middleware/executor.rb:14:in `call'
actionpack (7.0.1) lib/action_dispatch/middleware/actionable_exceptions.rb:17:in `call'
actionpack (7.0.1) lib/action_dispatch/middleware/debug_exceptions.rb:28:in `call'
web-console (4.2.0) lib/web_console/middleware.rb:132:in `call_app'
web-console (4.2.0) lib/web_console/middleware.rb:28:in `block in call'
web-console (4.2.0) lib/web_console/middleware.rb:17:in `catch'
web-console (4.2.0) lib/web_console/middleware.rb:17:in `call'
actionpack (7.0.1) lib/action_dispatch/middleware/show_exceptions.rb:26:in `call'
railties (7.0.1) lib/rails/rack/logger.rb:36:in `call_app'
railties (7.0.1) lib/rails/rack/logger.rb:25:in `block in call'
activesupport (7.0.1) lib/active_support/tagged_logging.rb:99:in `block in tagged'
activesupport (7.0.1) lib/active_support/tagged_logging.rb:37:in `tagged'
activesupport (7.0.1) lib/active_support/tagged_logging.rb:99:in `tagged'
railties (7.0.1) lib/rails/rack/logger.rb:25:in `call'
sprockets-rails (3.4.2) lib/sprockets/rails/quiet_assets.rb:13:in `call'
actionpack (7.0.1) lib/action_dispatch/middleware/remote_ip.rb:93:in `call'
actionpack (7.0.1) lib/action_dispatch/middleware/request_id.rb:26:in `call'
rack (2.2.3) lib/rack/method_override.rb:24:in `call'
rack (2.2.3) lib/rack/runtime.rb:22:in `call'
activesupport (7.0.1) lib/active_support/cache/strategy/local_cache_middleware.rb:29:in `call'
actionpack (7.0.1) lib/action_dispatch/middleware/server_timing.rb:20:in `call'
actionpack (7.0.1) lib/action_dispatch/middleware/executor.rb:14:in `call'
actionpack (7.0.1) lib/action_dispatch/middleware/static.rb:23:in `call'
rack (2.2.3) lib/rack/sendfile.rb:110:in `call'
actionpack (7.0.1) lib/action_dispatch/middleware/host_authorization.rb:137:in `call'
railties (7.0.1) lib/rails/engine.rb:530:in `call'
puma (5.6.1) lib/puma/configuration.rb:252:in `call'
puma (5.6.1) lib/puma/request.rb:77:in `block in handle_request'
puma (5.6.1) lib/puma/thread_pool.rb:340:in `with_force_shutdown'
puma (5.6.1) lib/puma/request.rb:76:in `handle_request'
puma (5.6.1) lib/puma/server.rb:441:in `process_client'
puma (5.6.1) lib/puma/thread_pool.rb:147:in `block in spawn_thread'
Started GET "/" for 127.0.0.1 at 2022-02-14 23:03:04 +0100
  
ActiveRecord::DatabaseConnectionError (There is an issue connecting to your database with your username/password, username: postgres.

Please check your database configuration to ensure the username/password are valid.
):
  
activerecord (7.0.1) lib/active_record/connection_adapters/postgresql_adapter.rb:83:in `rescue in new_client'
activerecord (7.0.1) lib/active_record/connection_adapters/postgresql_adapter.rb:77:in `new_client'
activerecord (7.0.1) lib/active_record/connection_adapters/postgresql_adapter.rb:37:in `postgresql_connection'
activerecord (7.0.1) lib/active_record/connection_adapters/abstract/connection_pool.rb:656:in `public_send'
activerecord (7.0.1) lib/active_record/connection_adapters/abstract/connection_pool.rb:656:in `new_connection'
activerecord (7.0.1) lib/active_record/connection_adapters/abstract/connection_pool.rb:700:in `checkout_new_connection'
activerecord (7.0.1) lib/active_record/connection_adapters/abstract/connection_pool.rb:679:in `try_to_checkout_new_connection'
activerecord (7.0.1) lib/active_record/connection_adapters/abstract/connection_pool.rb:640:in `acquire_connection'
activerecord (7.0.1) lib/active_record/connection_adapters/abstract/connection_pool.rb:341:in `checkout'
activerecord (7.0.1) lib/active_record/connection_adapters/abstract/connection_pool.rb:181:in `connection'
activerecord (7.0.1) lib/active_record/connection_adapters/abstract/connection_handler.rb:211:in `retrieve_connection'
activerecord (7.0.1) lib/active_record/connection_handling.rb:313:in `retrieve_connection'
activerecord (7.0.1) lib/active_record/connection_handling.rb:280:in `connection'
activerecord (7.0.1) lib/active_record/migration.rb:613:in `connection'
activerecord (7.0.1) lib/active_record/migration.rb:608:in `build_watcher'
activerecord (7.0.1) lib/active_record/migration.rb:590:in `block in call'
activerecord (7.0.1) lib/active_record/migration.rb:589:in `synchronize'
activerecord (7.0.1) lib/active_record/migration.rb:589:in `call'
actionpack (7.0.1) lib/action_dispatch/middleware/callbacks.rb:27:in `block in call'
activesupport (7.0.1) lib/active_support/callbacks.rb:99:in `run_callbacks'
actionpack (7.0.1) lib/action_dispatch/middleware/callbacks.rb:26:in `call'
actionpack (7.0.1) lib/action_dispatch/middleware/executor.rb:14:in `call'
actionpack (7.0.1) lib/action_dispatch/middleware/actionable_exceptions.rb:17:in `call'
actionpack (7.0.1) lib/action_dispatch/middleware/debug_exceptions.rb:28:in `call'
web-console (4.2.0) lib/web_console/middleware.rb:132:in `call_app'
web-console (4.2.0) lib/web_console/middleware.rb:28:in `block in call'
web-console (4.2.0) lib/web_console/middleware.rb:17:in `catch'
web-console (4.2.0) lib/web_console/middleware.rb:17:in `call'
actionpack (7.0.1) lib/action_dispatch/middleware/show_exceptions.rb:26:in `call'
railties (7.0.1) lib/rails/rack/logger.rb:36:in `call_app'
railties (7.0.1) lib/rails/rack/logger.rb:25:in `block in call'
activesupport (7.0.1) lib/active_support/tagged_logging.rb:99:in `block in tagged'
activesupport (7.0.1) lib/active_support/tagged_logging.rb:37:in `tagged'
activesupport (7.0.1) lib/active_support/tagged_logging.rb:99:in `tagged'
railties (7.0.1) lib/rails/rack/logger.rb:25:in `call'
sprockets-rails (3.4.2) lib/sprockets/rails/quiet_assets.rb:13:in `call'
actionpack (7.0.1) lib/action_dispatch/middleware/remote_ip.rb:93:in `call'
actionpack (7.0.1) lib/action_dispatch/middleware/request_id.rb:26:in `call'
rack (2.2.3) lib/rack/method_override.rb:24:in `call'
rack (2.2.3) lib/rack/runtime.rb:22:in `call'
activesupport (7.0.1) lib/active_support/cache/strategy/local_cache_middleware.rb:29:in `call'
actionpack (7.0.1) lib/action_dispatch/middleware/server_timing.rb:20:in `call'
actionpack (7.0.1) lib/action_dispatch/middleware/executor.rb:14:in `call'
actionpack (7.0.1) lib/action_dispatch/middleware/static.rb:23:in `call'
rack (2.2.3) lib/rack/sendfile.rb:110:in `call'
actionpack (7.0.1) lib/action_dispatch/middleware/host_authorization.rb:137:in `call'
railties (7.0.1) lib/rails/engine.rb:530:in `call'
puma (5.6.1) lib/puma/configuration.rb:252:in `call'
puma (5.6.1) lib/puma/request.rb:77:in `block in handle_request'
puma (5.6.1) lib/puma/thread_pool.rb:340:in `with_force_shutdown'
puma (5.6.1) lib/puma/request.rb:76:in `handle_request'
puma (5.6.1) lib/puma/server.rb:441:in `process_client'
puma (5.6.1) lib/puma/thread_pool.rb:147:in `block in spawn_thread'
Started GET "/" for 127.0.0.1 at 2022-02-14 23:03:19 +0100
  [1m[36mActiveRecord::SchemaMigration Pluck (3.6ms)[0m  [1m[34mSELECT "schema_migrations"."version" FROM "schema_migrations" ORDER BY "schema_migrations"."version" ASC[0m
Processing by UsersController#index as HTML
  Rendering layout layouts/application.html.erb
  Rendering users/index.html.erb within layouts/application
  Rendered users/index.html.erb within layouts/application (Duration: 1.3ms | Allocations: 365)
  Rendered layout layouts/application.html.erb (Duration: 301.0ms | Allocations: 88472)
Completed 200 OK in 320ms (Views: 304.6ms | ActiveRecord: 0.0ms | Allocations: 94113)


Started GET "/users" for 127.0.0.1 at 2022-02-15 11:28:06 +0100
Processing by UsersController#show as HTML
  Rendering layout layouts/application.html.erb
  Rendering users/show.html.erb within layouts/application
  Rendered users/show.html.erb within layouts/application (Duration: 1.5ms | Allocations: 127)
  Rendered layout layouts/application.html.erb (Duration: 35.4ms | Allocations: 13574)
Completed 200 OK in 42ms (Views: 40.2ms | Allocations: 14399)


Started GET "/users/1" for 127.0.0.1 at 2022-02-15 11:28:11 +0100
  
ActionController::RoutingError (No route matches [GET] "/users/1"):
  
  [1m[35m (0.9ms)[0m  [1m[34mSELECT pg_try_advisory_lock(279088437195799245)[0m
  [1m[36mActiveRecord::SchemaMigration Pluck (0.5ms)[0m  [1m[34mSELECT "schema_migrations"."version" FROM "schema_migrations" ORDER BY "schema_migrations"."version" ASC[0m
Migrating to CreateUsers (20220215103008)
  [1m[36mTRANSACTION (0.2ms)[0m  [1m[35mBEGIN[0m
  [1m[35m (16.6ms)[0m  [1m[35mCREATE TABLE "users" ("id" bigserial primary key, "name" character varying, "photo" character varying, "bio" text, "PostsCounter" integer, "created_at" timestamp(6) NOT NULL, "updated_at" timestamp(6) NOT NULL)[0m
  [1m[36mTRANSACTION (0.2ms)[0m  [1m[31mROLLBACK[0m
  [1m[35m (0.3ms)[0m  [1m[34mSELECT pg_advisory_unlock(279088437195799245)[0m
  [1m[36mActiveRecord::SchemaMigration Pluck (0.5ms)[0m  [1m[34mSELECT "schema_migrations"."version" FROM "schema_migrations" ORDER BY "schema_migrations"."version" ASC[0m
  [1m[36mActiveRecord::InternalMetadata Pluck (2.0ms)[0m  [1m[34mSELECT "ar_internal_metadata"."value" FROM "ar_internal_metadata" WHERE "ar_internal_metadata"."key" = $1 LIMIT $2[0m  [["key", "environment"], ["LIMIT", 1]]
  [1m[36mActiveRecord::SchemaMigration Pluck (0.2ms)[0m  [1m[34mSELECT "schema_migrations"."version" FROM "schema_migrations" ORDER BY "schema_migrations"."version" ASC[0m
  [1m[36mActiveRecord::InternalMetadata Pluck (0.2ms)[0m  [1m[34mSELECT "ar_internal_metadata"."value" FROM "ar_internal_metadata" WHERE "ar_internal_metadata"."key" = $1 LIMIT $2[0m  [["key", "environment"], ["LIMIT", 1]]
  [1m[36mActiveRecord::SchemaMigration Pluck (0.2ms)[0m  [1m[34mSELECT "schema_migrations"."version" FROM "schema_migrations" ORDER BY "schema_migrations"."version" ASC[0m
  [1m[36mActiveRecord::InternalMetadata Pluck (0.2ms)[0m  [1m[34mSELECT "ar_internal_metadata"."value" FROM "ar_internal_metadata" WHERE "ar_internal_metadata"."key" = $1 LIMIT $2[0m  [["key", "environment"], ["LIMIT", 1]]
  [1m[35m (29.2ms)[0m  [1m[35mDROP DATABASE IF EXISTS "project_development"[0m
  [1m[35m (143.3ms)[0m  [1m[35mCREATE DATABASE "project_development" ENCODING = 'unicode'[0m
  [1m[35m (12.8ms)[0m  [1m[35mCREATE TABLE "schema_migrations" ("version" character varying NOT NULL PRIMARY KEY)[0m
  [1m[35m (7.8ms)[0m  [1m[35mCREATE TABLE "ar_internal_metadata" ("key" character varying NOT NULL PRIMARY KEY, "value" character varying, "created_at" timestamp(6) NOT NULL, "updated_at" timestamp(6) NOT NULL)[0m
  [1m[35m (0.4ms)[0m  [1m[34mSELECT pg_try_advisory_lock(279088437195799245)[0m
  [1m[36mActiveRecord::SchemaMigration Pluck (0.6ms)[0m  [1m[34mSELECT "schema_migrations"."version" FROM "schema_migrations" ORDER BY "schema_migrations"."version" ASC[0m
Migrating to CreateUsers (20220215103008)
  [1m[36mTRANSACTION (0.2ms)[0m  [1m[35mBEGIN[0m
  [1m[35m (7.7ms)[0m  [1m[35mCREATE TABLE "users" ("id" bigserial primary key, "name" character varying, "photo" character varying, "bio" text, "PostsCounter" integer, "created_at" timestamp(6) NOT NULL, "updated_at" timestamp(6) NOT NULL)[0m
  [1m[36mActiveRecord::SchemaMigration Create (0.5ms)[0m  [1m[32mINSERT INTO "schema_migrations" ("version") VALUES ($1) RETURNING "version"[0m  [["version", "20220215103008"]]
  [1m[36mTRANSACTION (1.2ms)[0m  [1m[35mCOMMIT[0m
  [1m[36mActiveRecord::InternalMetadata Load (0.3ms)[0m  [1m[34mSELECT "ar_internal_metadata".* FROM "ar_internal_metadata" WHERE "ar_internal_metadata"."key" = $1 LIMIT $2[0m  [["key", "environment"], ["LIMIT", 1]]
  [1m[36mTRANSACTION (0.1ms)[0m  [1m[35mBEGIN[0m
  [1m[36mActiveRecord::InternalMetadata Create (0.8ms)[0m  [1m[32mINSERT INTO "ar_internal_metadata" ("key", "value", "created_at", "updated_at") VALUES ($1, $2, $3, $4) RETURNING "key"[0m  [["key", "environment"], ["value", "development"], ["created_at", "2022-02-15 10:31:16.223452"], ["updated_at", "2022-02-15 10:31:16.223452"]]
  [1m[36mTRANSACTION (0.9ms)[0m  [1m[35mCOMMIT[0m
  [1m[35m (0.4ms)[0m  [1m[34mSELECT pg_advisory_unlock(279088437195799245)[0m
  [1m[36mActiveRecord::SchemaMigration Pluck (0.5ms)[0m  [1m[34mSELECT "schema_migrations"."version" FROM "schema_migrations" ORDER BY "schema_migrations"."version" ASC[0m
  [1m[35m (0.2ms)[0m  [1m[34mSELECT pg_try_advisory_lock(279088437195799245)[0m
  [1m[36mActiveRecord::SchemaMigration Pluck (0.6ms)[0m  [1m[34mSELECT "schema_migrations"."version" FROM "schema_migrations" ORDER BY "schema_migrations"."version" ASC[0m
Migrating to CreatePosts (20220215103527)
  [1m[36mTRANSACTION (0.2ms)[0m  [1m[35mBEGIN[0m
  [1m[35m (11.8ms)[0m  [1m[35mCREATE TABLE "posts" ("id" bigserial primary key, "title" character varying, "text" text, "CommentsCounter" integer, "created_at" timestamp(6) NOT NULL, "updated_at" timestamp(6) NOT NULL)[0m
  [1m[36mActiveRecord::SchemaMigration Create (0.5ms)[0m  [1m[32mINSERT INTO "schema_migrations" ("version") VALUES ($1) RETURNING "version"[0m  [["version", "20220215103527"]]
  [1m[36mTRANSACTION (1.4ms)[0m  [1m[35mCOMMIT[0m
  [1m[36mActiveRecord::InternalMetadata Load (0.3ms)[0m  [1m[34mSELECT "ar_internal_metadata".* FROM "ar_internal_metadata" WHERE "ar_internal_metadata"."key" = $1 LIMIT $2[0m  [["key", "environment"], ["LIMIT", 1]]
  [1m[35m (0.9ms)[0m  [1m[34mSELECT pg_advisory_unlock(279088437195799245)[0m
  [1m[36mActiveRecord::SchemaMigration Pluck (0.6ms)[0m  [1m[34mSELECT "schema_migrations"."version" FROM "schema_migrations" ORDER BY "schema_migrations"."version" ASC[0m
  [1m[35m (0.2ms)[0m  [1m[34mSELECT pg_try_advisory_lock(279088437195799245)[0m
  [1m[36mActiveRecord::SchemaMigration Pluck (0.5ms)[0m  [1m[34mSELECT "schema_migrations"."version" FROM "schema_migrations" ORDER BY "schema_migrations"."version" ASC[0m
Migrating to CreateComments (20220215103650)
  [1m[36mTRANSACTION (0.2ms)[0m  [1m[35mBEGIN[0m
  [1m[35m (14.3ms)[0m  [1m[35mCREATE TABLE "comments" ("id" bigserial primary key, "text" text, "created_at" timestamp(6) NOT NULL, "updated_at" timestamp(6) NOT NULL)[0m
  [1m[36mActiveRecord::SchemaMigration Create (0.4ms)[0m  [1m[32mINSERT INTO "schema_migrations" ("version") VALUES ($1) RETURNING "version"[0m  [["version", "20220215103650"]]
  [1m[36mTRANSACTION (1.4ms)[0m  [1m[35mCOMMIT[0m
  [1m[36mActiveRecord::InternalMetadata Load (0.4ms)[0m  [1m[34mSELECT "ar_internal_metadata".* FROM "ar_internal_metadata" WHERE "ar_internal_metadata"."key" = $1 LIMIT $2[0m  [["key", "environment"], ["LIMIT", 1]]
  [1m[35m (0.3ms)[0m  [1m[34mSELECT pg_advisory_unlock(279088437195799245)[0m
  [1m[36mActiveRecord::SchemaMigration Pluck (0.8ms)[0m  [1m[34mSELECT "schema_migrations"."version" FROM "schema_migrations" ORDER BY "schema_migrations"."version" ASC[0m
